e:\就活用ファイル\takeruhertus\takeruhertus\x64\debug\vc143.pdb
e:\就活用ファイル\takeruhertus\takeruhertus\x64\debug\vc143.idb
e:\就活用ファイル\takeruhertus\takeruhertus\x64\debug\scenemanager.obj
e:\就活用ファイル\takeruhertus\takeruhertus\x64\debug\scenebase.obj
e:\就活用ファイル\takeruhertus\takeruhertus\x64\debug\scenetitle.obj
e:\就活用ファイル\takeruhertus\takeruhertus\x64\debug\scenegame.obj
e:\就活用ファイル\takeruhertus\takeruhertus\x64\debug\sceneresult.obj
e:\就活用ファイル\takeruhertus\takeruhertus\x64\debug\sceneclear.obj
e:\就活用ファイル\takeruhertus\takeruhertus\x64\debug\main.obj
e:\就活用ファイル\takeruhertus\takeruhertus\x64\debug\keyboard.obj
e:\就活用ファイル\takeruhertus\takeruhertus\x64\debug\joypad.obj
e:\就活用ファイル\takeruhertus\takeruhertus\x64\debug\inputdevicemanager.obj
e:\就活用ファイル\takeruhertus\takeruhertus\x64\debug\takeruhertus.ilk
e:\就活用ファイル\takeruhertus\x64\debug\takeruhertus.exe
e:\就活用ファイル\takeruhertus\x64\debug\takeruhertus.pdb
e:\就活用ファイル\takeruhertus\takeruhertus\x64\debug\takeruhertus.tlog\cl.command.1.tlog
e:\就活用ファイル\takeruhertus\takeruhertus\x64\debug\takeruhertus.tlog\cl.read.1.tlog
e:\就活用ファイル\takeruhertus\takeruhertus\x64\debug\takeruhertus.tlog\cl.write.1.tlog
e:\就活用ファイル\takeruhertus\takeruhertus\x64\debug\takeruhertus.tlog\link.command.1.tlog
e:\就活用ファイル\takeruhertus\takeruhertus\x64\debug\takeruhertus.tlog\link.read.1.tlog
e:\就活用ファイル\takeruhertus\takeruhertus\x64\debug\takeruhertus.tlog\link.write.1.tlog
